<?xml version="1.0" encoding="UTF-8"?>
<testng-results ignored="0" total="10" passed="9" failed="1" skipped="0">
  <reporter-output>
  </reporter-output>
  <suite started-at="2024-09-22T13:48:59 IST" name="Suite" finished-at="2024-09-22T13:49:48 IST" duration-ms="48520">
    <groups>
    </groups>
    <test started-at="2024-09-22T13:48:59 IST" name="scource" finished-at="2024-09-22T13:49:48 IST" duration-ms="48520">
      <class name="PageObject.TestClass">
        <test-method is-config="true" signature="StartReporter()[pri:0, instance:PageObject.TestClass@25084a1e]" started-at="2024-09-22T13:48:59 IST" name="StartReporter" finished-at="2024-09-22T13:49:00 IST" duration-ms="250" status="PASS">
          <reporter-output>
          </reporter-output>
        </test-method> <!-- StartReporter -->
        <test-method is-config="true" signature="init_driver()[pri:0, instance:PageObject.TestClass@25084a1e]" started-at="2024-09-22T13:49:00 IST" name="init_driver" finished-at="2024-09-22T13:49:03 IST" duration-ms="3564" status="PASS">
          <reporter-output>
          </reporter-output>
        </test-method> <!-- init_driver -->
        <test-method signature="login_with_valid_credentials(java.lang.String,java.lang.String)[pri:0, instance:PageObject.TestClass@25084a1e]" started-at="2024-09-22T13:49:03 IST" name="login_with_valid_credentials" data-provider="data-provider" finished-at="2024-09-22T13:49:04 IST" duration-ms="727" status="PASS">
          <params>
            <param index="0">
              <value>
                <![CDATA[standard_user]]>
              </value>
            </param>
            <param index="1">
              <value>
                <![CDATA[secret_sauce]]>
              </value>
            </param>
          </params>
          <reporter-output>
          </reporter-output>
        </test-method> <!-- login_with_valid_credentials -->
        <test-method is-config="true" signature="quitwindow()[pri:0, instance:PageObject.TestClass@25084a1e]" started-at="2024-09-22T13:49:04 IST" name="quitwindow" finished-at="2024-09-22T13:49:04 IST" duration-ms="363" status="PASS">
          <reporter-output>
          </reporter-output>
        </test-method> <!-- quitwindow -->
        <test-method is-config="true" signature="init_driver()[pri:0, instance:PageObject.TestClass@25084a1e]" started-at="2024-09-22T13:49:04 IST" name="init_driver" finished-at="2024-09-22T13:49:07 IST" duration-ms="2594" status="PASS">
          <reporter-output>
          </reporter-output>
        </test-method> <!-- init_driver -->
        <test-method signature="login_with_valid_credentials(java.lang.String,java.lang.String)[pri:0, instance:PageObject.TestClass@25084a1e]" started-at="2024-09-22T13:49:07 IST" name="login_with_valid_credentials" data-provider="data-provider" finished-at="2024-09-22T13:49:08 IST" duration-ms="623" status="PASS">
          <params>
            <param index="0">
              <value>
                <![CDATA[problem_user]]>
              </value>
            </param>
            <param index="1">
              <value>
                <![CDATA[secret_sauce]]>
              </value>
            </param>
          </params>
          <reporter-output>
          </reporter-output>
        </test-method> <!-- login_with_valid_credentials -->
        <test-method is-config="true" signature="quitwindow()[pri:0, instance:PageObject.TestClass@25084a1e]" started-at="2024-09-22T13:49:08 IST" name="quitwindow" finished-at="2024-09-22T13:49:08 IST" duration-ms="265" status="PASS">
          <reporter-output>
          </reporter-output>
        </test-method> <!-- quitwindow -->
        <test-method is-config="true" signature="init_driver()[pri:0, instance:PageObject.TestClass@25084a1e]" started-at="2024-09-22T13:49:08 IST" name="init_driver" finished-at="2024-09-22T13:49:10 IST" duration-ms="2479" status="PASS">
          <reporter-output>
          </reporter-output>
        </test-method> <!-- init_driver -->
        <test-method signature="login_with_invalid_crendentials(java.lang.String,java.lang.String)[pri:1, instance:PageObject.TestClass@25084a1e]" started-at="2024-09-22T13:49:10 IST" name="login_with_invalid_crendentials" data-provider="data-provider1" finished-at="2024-09-22T13:49:11 IST" duration-ms="443" status="PASS">
          <params>
            <param index="0">
              <value>
                <![CDATA[standard_user]]>
              </value>
            </param>
            <param index="1">
              <value>
                <![CDATA[123]]>
              </value>
            </param>
          </params>
          <reporter-output>
          </reporter-output>
        </test-method> <!-- login_with_invalid_crendentials -->
        <test-method is-config="true" signature="quitwindow()[pri:0, instance:PageObject.TestClass@25084a1e]" started-at="2024-09-22T13:49:11 IST" name="quitwindow" finished-at="2024-09-22T13:49:11 IST" duration-ms="237" status="PASS">
          <reporter-output>
          </reporter-output>
        </test-method> <!-- quitwindow -->
        <test-method is-config="true" signature="init_driver()[pri:0, instance:PageObject.TestClass@25084a1e]" started-at="2024-09-22T13:49:11 IST" name="init_driver" finished-at="2024-09-22T13:49:14 IST" duration-ms="2667" status="PASS">
          <reporter-output>
          </reporter-output>
        </test-method> <!-- init_driver -->
        <test-method signature="login_with_invalid_crendentials(java.lang.String,java.lang.String)[pri:1, instance:PageObject.TestClass@25084a1e]" started-at="2024-09-22T13:49:14 IST" name="login_with_invalid_crendentials" data-provider="data-provider1" finished-at="2024-09-22T13:49:14 IST" duration-ms="444" status="PASS">
          <params>
            <param index="0">
              <value>
                <![CDATA[123]]>
              </value>
            </param>
            <param index="1">
              <value>
                <![CDATA[scrret_sauce]]>
              </value>
            </param>
          </params>
          <reporter-output>
          </reporter-output>
        </test-method> <!-- login_with_invalid_crendentials -->
        <test-method is-config="true" signature="quitwindow()[pri:0, instance:PageObject.TestClass@25084a1e]" started-at="2024-09-22T13:49:14 IST" name="quitwindow" finished-at="2024-09-22T13:49:14 IST" duration-ms="265" status="PASS">
          <reporter-output>
          </reporter-output>
        </test-method> <!-- quitwindow -->
        <test-method is-config="true" signature="init_driver()[pri:0, instance:PageObject.TestClass@25084a1e]" started-at="2024-09-22T13:49:14 IST" name="init_driver" finished-at="2024-09-22T13:49:17 IST" duration-ms="2484" status="PASS">
          <reporter-output>
          </reporter-output>
        </test-method> <!-- init_driver -->
        <test-method signature="check_BucketPage()[pri:2, instance:PageObject.TestClass@25084a1e]" started-at="2024-09-22T13:49:17 IST" name="check_BucketPage" finished-at="2024-09-22T13:49:17 IST" duration-ms="277" status="FAIL">
          <exception class="java.lang.AssertionError">
            <message>
              <![CDATA[expected [true] but found [false]]]>
            </message>
            <full-stacktrace>
              <![CDATA[java.lang.AssertionError: expected [true] but found [false]
at org.testng.Assert.fail(Assert.java:111)
at org.testng.Assert.failNotEquals(Assert.java:1578)
at org.testng.Assert.assertTrue(Assert.java:57)
at org.testng.Assert.assertTrue(Assert.java:67)
at PageObject.TestClass.check_BucketPage(TestClass.java:61)
at java.base/jdk.internal.reflect.DirectMethodHandleAccessor.invoke(DirectMethodHandleAccessor.java:103)
at java.base/java.lang.reflect.Method.invoke(Method.java:580)
at org.testng.internal.invokers.MethodInvocationHelper.invokeMethod(MethodInvocationHelper.java:141)
at org.testng.internal.invokers.TestInvoker.invokeMethod(TestInvoker.java:686)
at org.testng.internal.invokers.TestInvoker.invokeTestMethod(TestInvoker.java:230)
at org.testng.internal.invokers.MethodRunner.runInSequence(MethodRunner.java:63)
at org.testng.internal.invokers.TestInvoker$MethodInvocationAgent.invoke(TestInvoker.java:992)
at org.testng.internal.invokers.TestInvoker.invokeTestMethods(TestInvoker.java:203)
at org.testng.internal.invokers.TestMethodWorker.invokeTestMethods(TestMethodWorker.java:154)
at org.testng.internal.invokers.TestMethodWorker.run(TestMethodWorker.java:134)
at java.base/java.util.ArrayList.forEach(ArrayList.java:1596)
at org.testng.TestRunner.privateRun(TestRunner.java:739)
at org.testng.TestRunner.run(TestRunner.java:614)
at org.testng.SuiteRunner.runTest(SuiteRunner.java:421)
at org.testng.SuiteRunner.runSequentially(SuiteRunner.java:413)
at org.testng.SuiteRunner.privateRun(SuiteRunner.java:373)
at org.testng.SuiteRunner.run(SuiteRunner.java:312)
at org.testng.SuiteRunnerWorker.runSuite(SuiteRunnerWorker.java:52)
at org.testng.SuiteRunnerWorker.run(SuiteRunnerWorker.java:95)
at org.testng.TestNG.runSuitesSequentially(TestNG.java:1274)
at org.testng.TestNG.runSuitesLocally(TestNG.java:1208)
at org.testng.TestNG.runSuites(TestNG.java:1112)
at org.testng.TestNG.run(TestNG.java:1079)
at org.testng.remote.AbstractRemoteTestNG.run(AbstractRemoteTestNG.java:115)
at org.testng.remote.RemoteTestNG.initAndRun(RemoteTestNG.java:293)
at org.testng.remote.RemoteTestNG.main(RemoteTestNG.java:91)
]]>
            </full-stacktrace>
          </exception> <!-- java.lang.AssertionError -->
          <reporter-output>
          </reporter-output>
        </test-method> <!-- check_BucketPage -->
        <test-method is-config="true" signature="quitwindow()[pri:0, instance:PageObject.TestClass@25084a1e]" started-at="2024-09-22T13:49:17 IST" name="quitwindow" finished-at="2024-09-22T13:49:18 IST" duration-ms="282" status="PASS">
          <reporter-output>
          </reporter-output>
        </test-method> <!-- quitwindow -->
        <test-method is-config="true" signature="init_driver()[pri:0, instance:PageObject.TestClass@25084a1e]" started-at="2024-09-22T13:49:18 IST" name="init_driver" finished-at="2024-09-22T13:49:20 IST" duration-ms="2672" status="PASS">
          <reporter-output>
          </reporter-output>
        </test-method> <!-- init_driver -->
        <test-method signature="bucket_selectedItem()[pri:3, instance:PageObject.TestClass@25084a1e]" started-at="2024-09-22T13:49:20 IST" name="bucket_selectedItem" finished-at="2024-09-22T13:49:26 IST" duration-ms="6079" status="PASS">
          <reporter-output>
          </reporter-output>
        </test-method> <!-- bucket_selectedItem -->
        <test-method is-config="true" signature="quitwindow()[pri:0, instance:PageObject.TestClass@25084a1e]" started-at="2024-09-22T13:49:26 IST" name="quitwindow" finished-at="2024-09-22T13:49:27 IST" duration-ms="263" status="PASS">
          <reporter-output>
          </reporter-output>
        </test-method> <!-- quitwindow -->
        <test-method is-config="true" signature="init_driver()[pri:0, instance:PageObject.TestClass@25084a1e]" started-at="2024-09-22T13:49:27 IST" name="init_driver" finished-at="2024-09-22T13:49:29 IST" duration-ms="2473" status="PASS">
          <reporter-output>
          </reporter-output>
        </test-method> <!-- init_driver -->
        <test-method signature="bucket_checkoutbutton()[pri:4, instance:PageObject.TestClass@25084a1e]" started-at="2024-09-22T13:49:29 IST" name="bucket_checkoutbutton" finished-at="2024-09-22T13:49:31 IST" duration-ms="1950" status="PASS">
          <reporter-output>
          </reporter-output>
        </test-method> <!-- bucket_checkoutbutton -->
        <test-method is-config="true" signature="quitwindow()[pri:0, instance:PageObject.TestClass@25084a1e]" started-at="2024-09-22T13:49:31 IST" name="quitwindow" finished-at="2024-09-22T13:49:31 IST" duration-ms="238" status="PASS">
          <reporter-output>
          </reporter-output>
        </test-method> <!-- quitwindow -->
        <test-method is-config="true" signature="init_driver()[pri:0, instance:PageObject.TestClass@25084a1e]" started-at="2024-09-22T13:49:31 IST" name="init_driver" finished-at="2024-09-22T13:49:34 IST" duration-ms="2800" status="PASS">
          <reporter-output>
          </reporter-output>
        </test-method> <!-- init_driver -->
        <test-method signature="imformationPage()[pri:5, instance:PageObject.TestClass@25084a1e]" started-at="2024-09-22T13:49:34 IST" name="imformationPage" finished-at="2024-09-22T13:49:36 IST" duration-ms="2420" status="PASS">
          <reporter-output>
          </reporter-output>
        </test-method> <!-- imformationPage -->
        <test-method is-config="true" signature="quitwindow()[pri:0, instance:PageObject.TestClass@25084a1e]" started-at="2024-09-22T13:49:36 IST" name="quitwindow" finished-at="2024-09-22T13:49:37 IST" duration-ms="248" status="PASS">
          <reporter-output>
          </reporter-output>
        </test-method> <!-- quitwindow -->
        <test-method is-config="true" signature="init_driver()[pri:0, instance:PageObject.TestClass@25084a1e]" started-at="2024-09-22T13:49:37 IST" name="init_driver" finished-at="2024-09-22T13:49:39 IST" duration-ms="2565" status="PASS">
          <reporter-output>
          </reporter-output>
        </test-method> <!-- init_driver -->
        <test-method signature="FinalPage1()[pri:6, instance:PageObject.TestClass@25084a1e]" started-at="2024-09-22T13:49:39 IST" name="FinalPage1" finished-at="2024-09-22T13:49:42 IST" duration-ms="2483" status="PASS">
          <reporter-output>
          </reporter-output>
        </test-method> <!-- FinalPage1 -->
        <test-method is-config="true" signature="quitwindow()[pri:0, instance:PageObject.TestClass@25084a1e]" started-at="2024-09-22T13:49:42 IST" name="quitwindow" finished-at="2024-09-22T13:49:42 IST" duration-ms="266" status="PASS">
          <reporter-output>
          </reporter-output>
        </test-method> <!-- quitwindow -->
        <test-method is-config="true" signature="init_driver()[pri:0, instance:PageObject.TestClass@25084a1e]" started-at="2024-09-22T13:49:42 IST" name="init_driver" finished-at="2024-09-22T13:49:45 IST" duration-ms="2569" status="PASS">
          <reporter-output>
          </reporter-output>
        </test-method> <!-- init_driver -->
        <test-method signature="overviewPage()[pri:6, instance:PageObject.TestClass@25084a1e]" started-at="2024-09-22T13:49:45 IST" name="overviewPage" finished-at="2024-09-22T13:49:47 IST" duration-ms="2465" status="PASS">
          <reporter-output>
          </reporter-output>
        </test-method> <!-- overviewPage -->
        <test-method is-config="true" signature="quitwindow()[pri:0, instance:PageObject.TestClass@25084a1e]" started-at="2024-09-22T13:49:47 IST" name="quitwindow" finished-at="2024-09-22T13:49:47 IST" duration-ms="248" status="PASS">
          <reporter-output>
          </reporter-output>
        </test-method> <!-- quitwindow -->
        <test-method is-config="true" signature="quitextentReport()[pri:0, instance:PageObject.TestClass@25084a1e]" started-at="2024-09-22T13:49:47 IST" name="quitextentReport" finished-at="2024-09-22T13:49:48 IST" duration-ms="554" status="PASS">
          <reporter-output>
          </reporter-output>
        </test-method> <!-- quitextentReport -->
      </class> <!-- PageObject.TestClass -->
    </test> <!-- scource -->
  </suite> <!-- Suite -->
</testng-results>
